This is XeTeX, Version 3.141592653-2.6-0.999993 (TeX Live 2021/W32TeX) (preloaded format=xelatex 2021.6.21)  6 JUL 2021 11:00
entering extended mode
 restricted \write18 enabled.
 %&-line parsing enabled.
**crimebythenumbers.tex
(./crimebythenumbers.tex
LaTeX2e <2021-06-01> patch level 1
L3 programming layer <2021-06-18> (c:/Users/jkkap/AppData/Roaming/TinyTeX/texmf
-dist/tex/latex/base/book.cls
Document Class: book 2021/02/12 v1.4n Standard LaTeX document class
(c:/Users/jkkap/AppData/Roaming/TinyTeX/texmf-dist/tex/latex/base/bk12.clo
File: bk12.clo 2021/02/12 v1.4n Standard LaTeX file (size option)
)
\c@part=\count178
\c@chapter=\count179
\c@section=\count180
\c@subsection=\count181
\c@subsubsection=\count182
\c@paragraph=\count183
\c@subparagraph=\count184
\c@figure=\count185
\c@table=\count186
\abovecaptionskip=\skip47
\belowcaptionskip=\skip48
\bibindent=\dimen138
) (c:/Users/jkkap/AppData/Roaming/TinyTeX/texmf-dist/tex/latex/lm/lmodern.sty
Package: lmodern 2015/05/01 v1.6.1 Latin Modern Fonts
LaTeX Font Info:    Overwriting symbol font `operators' in version `normal'
(Font)                  OT1/cmr/m/n --> OT1/lmr/m/n on input line 22.
LaTeX Font Info:    Overwriting symbol font `letters' in version `normal'
(Font)                  OML/cmm/m/it --> OML/lmm/m/it on input line 23.
LaTeX Font Info:    Overwriting symbol font `symbols' in version `normal'
(Font)                  OMS/cmsy/m/n --> OMS/lmsy/m/n on input line 24.
LaTeX Font Info:    Overwriting symbol font `largesymbols' in version `normal'
(Font)                  OMX/cmex/m/n --> OMX/lmex/m/n on input line 25.
LaTeX Font Info:    Overwriting symbol font `operators' in version `bold'
(Font)                  OT1/cmr/bx/n --> OT1/lmr/bx/n on input line 26.
LaTeX Font Info:    Overwriting symbol font `letters' in version `bold'
(Font)                  OML/cmm/b/it --> OML/lmm/b/it on input line 27.
LaTeX Font Info:    Overwriting symbol font `symbols' in version `bold'
(Font)                  OMS/cmsy/b/n --> OMS/lmsy/b/n on input line 28.
LaTeX Font Info:    Overwriting symbol font `largesymbols' in version `bold'
(Font)                  OMX/cmex/m/n --> OMX/lmex/m/n on input line 29.
LaTeX Font Info:    Overwriting math alphabet `\mathbf' in version `normal'
(Font)                  OT1/cmr/bx/n --> OT1/lmr/bx/n on input line 31.
LaTeX Font Info:    Overwriting math alphabet `\mathsf' in version `normal'
(Font)                  OT1/cmss/m/n --> OT1/lmss/m/n on input line 32.
LaTeX Font Info:    Overwriting math alphabet `\mathit' in version `normal'
(Font)                  OT1/cmr/m/it --> OT1/lmr/m/it on input line 33.
LaTeX Font Info:    Overwriting math alphabet `\mathtt' in version `normal'
(Font)                  OT1/cmtt/m/n --> OT1/lmtt/m/n on input line 34.
LaTeX Font Info:    Overwriting math alphabet `\mathbf' in version `bold'
(Font)                  OT1/cmr/bx/n --> OT1/lmr/bx/n on input line 35.
LaTeX Font Info:    Overwriting math alphabet `\mathsf' in version `bold'
(Font)                  OT1/cmss/bx/n --> OT1/lmss/bx/n on input line 36.
LaTeX Font Info:    Overwriting math alphabet `\mathit' in version `bold'
(Font)                  OT1/cmr/bx/it --> OT1/lmr/bx/it on input line 37.
LaTeX Font Info:    Overwriting math alphabet `\mathtt' in version `bold'
(Font)                  OT1/cmtt/m/n --> OT1/lmtt/m/n on input line 38.
)
(c:/Users/jkkap/AppData/Roaming/TinyTeX/texmf-dist/tex/latex/setspace/setspace.
sty
Package: setspace 2011/12/19 v6.7a set line spacing
)
(c:/Users/jkkap/AppData/Roaming/TinyTeX/texmf-dist/tex/latex/amsmath/amsmath.st
y
Package: amsmath 2021/04/20 v2.17j AMS math features
\@mathmargin=\skip49
For additional information on amsmath, use the `?' option.

(c:/Users/jkkap/AppData/Roaming/TinyTeX/texmf-dist/tex/latex/amsmath/amstext.st
y
Package: amstext 2000/06/29 v2.01 AMS text

(c:/Users/jkkap/AppData/Roaming/TinyTeX/texmf-dist/tex/latex/amsmath/amsgen.sty
File: amsgen.sty 1999/11/30 v2.0 generic functions
\@emptytoks=\toks16
\ex@=\dimen139
))
(c:/Users/jkkap/AppData/Roaming/TinyTeX/texmf-dist/tex/latex/amsmath/amsbsy.sty
Package: amsbsy 1999/11/29 v1.2d Bold Symbols
\pmbraise@=\dimen140
)
(c:/Users/jkkap/AppData/Roaming/TinyTeX/texmf-dist/tex/latex/amsmath/amsopn.sty
Package: amsopn 2016/03/08 v2.02 operator names
)
\inf@bad=\count187
LaTeX Info: Redefining \frac on input line 234.
\uproot@=\count188
\leftroot@=\count189
LaTeX Info: Redefining \overline on input line 399.
\classnum@=\count190
\DOTSCASE@=\count191
LaTeX Info: Redefining \ldots on input line 496.
LaTeX Info: Redefining \dots on input line 499.
LaTeX Info: Redefining \cdots on input line 620.
\Mathstrutbox@=\box50
\strutbox@=\box51
\big@size=\dimen141
LaTeX Font Info:    Redeclaring font encoding OML on input line 743.
LaTeX Font Info:    Redeclaring font encoding OMS on input line 744.
\macc@depth=\count192
\c@MaxMatrixCols=\count193
\dotsspace@=\muskip16
\c@parentequation=\count194
\dspbrk@lvl=\count195
\tag@help=\toks17
\row@=\count196
\column@=\count197
\maxfields@=\count198
\andhelp@=\toks18
\eqnshift@=\dimen142
\alignsep@=\dimen143
\tagshift@=\dimen144
\tagwidth@=\dimen145
\totwidth@=\dimen146
\lineht@=\dimen147
\@envbody=\toks19
\multlinegap=\skip50
\multlinetaggap=\skip51
\mathdisplay@stack=\toks20
LaTeX Info: Redefining \[ on input line 2923.
LaTeX Info: Redefining \] on input line 2924.
)
(c:/Users/jkkap/AppData/Roaming/TinyTeX/texmf-dist/tex/generic/iftex/ifxetex.st
y
Package: ifxetex 2019/10/25 v0.7 ifxetex legacy package. Use iftex instead.
(c:/Users/jkkap/AppData/Roaming/TinyTeX/texmf-dist/tex/generic/iftex/iftex.sty
Package: iftex 2020/03/06 v1.0d TeX engine tests
))
(c:/Users/jkkap/AppData/Roaming/TinyTeX/texmf-dist/tex/generic/iftex/ifluatex.s
ty
Package: ifluatex 2019/10/25 v1.5 ifluatex legacy package. Use iftex instead.
)
(c:/Users/jkkap/AppData/Roaming/TinyTeX/texmf-dist/tex/latex/unicode-math/unico
de-math.sty
(c:/Users/jkkap/AppData/Roaming/TinyTeX/texmf-dist/tex/latex/l3kernel/expl3.sty
Package: expl3 2021-06-18 L3 programming layer (loader) 

(c:/Users/jkkap/AppData/Roaming/TinyTeX/texmf-dist/tex/latex/l3backend/l3backen
d-xetex.def
File: l3backend-xetex.def 2021-05-07 L3 backend support: XeTeX
(|extractbb --version)
\c__kernel_sys_dvipdfmx_version_int=\count199
\l__color_backend_stack_int=\count266
\g__color_backend_stack_int=\count267
\g__graphics_track_int=\count268
\l__pdf_internal_box=\box52
\g__pdf_backend_object_int=\count269
\g__pdf_backend_annotation_int=\count270
\g__pdf_backend_link_int=\count271
))
Package: unicode-math 2020/01/31 v0.8q Unicode maths in XeLaTeX and LuaLaTeX

(c:/Users/jkkap/AppData/Roaming/TinyTeX/texmf-dist/tex/latex/unicode-math/unico
de-math-xetex.sty
Package: unicode-math-xetex 2020/01/31 v0.8q Unicode maths in XeLaTeX and LuaLa
TeX

(c:/Users/jkkap/AppData/Roaming/TinyTeX/texmf-dist/tex/latex/l3packages/xparse/
xparse.sty
Package: xparse 2021-06-18 L3 Experimental document command parser
)
(c:/Users/jkkap/AppData/Roaming/TinyTeX/texmf-dist/tex/latex/l3packages/l3keys2
e/l3keys2e.sty
Package: l3keys2e 2021-06-18 LaTeX2e option processing using LaTeX3 keys
)
(c:/Users/jkkap/AppData/Roaming/TinyTeX/texmf-dist/tex/latex/fontspec/fontspec.
sty
Package: fontspec 2020/02/21 v2.7i Font selection for XeLaTeX and LuaLaTeX

(c:/Users/jkkap/AppData/Roaming/TinyTeX/texmf-dist/tex/latex/fontspec/fontspec-
xetex.sty
Package: fontspec-xetex 2020/02/21 v2.7i Font selection for XeLaTeX and LuaLaTe
X
\l__fontspec_script_int=\count272
\l__fontspec_language_int=\count273
\l__fontspec_strnum_int=\count274
\l__fontspec_tmp_int=\count275
\l__fontspec_tmpa_int=\count276
\l__fontspec_tmpb_int=\count277
\l__fontspec_tmpc_int=\count278
\l__fontspec_em_int=\count279
\l__fontspec_emdef_int=\count280
\l__fontspec_strong_int=\count281
\l__fontspec_strongdef_int=\count282
\l__fontspec_tmpa_dim=\dimen148
\l__fontspec_tmpb_dim=\dimen149
\l__fontspec_tmpc_dim=\dimen150
(c:/Users/jkkap/AppData/Roaming/TinyTeX/texmf-dist/tex/latex/base/fontenc.sty
Package: fontenc 2021/04/29 v2.0v Standard LaTeX package
)
(c:/Users/jkkap/AppData/Roaming/TinyTeX/texmf-dist/tex/latex/fontspec/fontspec.
cfg))) (c:/Users/jkkap/AppData/Roaming/TinyTeX/texmf-dist/tex/latex/base/fix-cm
.sty
Package: fix-cm 2020/11/24 v1.1t fixes to LaTeX
(c:/Users/jkkap/AppData/Roaming/TinyTeX/texmf-dist/tex/latex/base/ts1enc.def
File: ts1enc.def 2001/06/05 v3.0e (jk/car/fm) Standard LaTeX file
LaTeX Font Info:    Redeclaring font encoding TS1 on input line 47.
))
\g__um_fam_int=\count283
\g__um_fonts_used_int=\count284
\l__um_primecount_int=\count285
\g__um_primekern_muskip=\muskip17

(c:/Users/jkkap/AppData/Roaming/TinyTeX/texmf-dist/tex/latex/unicode-math/unico
de-math-table.tex))) (c:/Users/jkkap/AppData/Roaming/TinyTeX/texmf-dist/tex/lat
ex/xcolor/xcolor.sty
Package: xcolor 2016/05/11 v2.12 LaTeX color extensions (UK)

(c:/Users/jkkap/AppData/Roaming/TinyTeX/texmf-dist/tex/latex/graphics-cfg/color
.cfg
File: color.cfg 2016/01/02 v1.6 sample color configuration
)
Package xcolor Info: Driver file: xetex.def on input line 225.

(c:/Users/jkkap/AppData/Roaming/TinyTeX/texmf-dist/tex/latex/graphics-def/xetex
.def
File: xetex.def 2021/03/18 v5.0k Graphics/color driver for xetex
)
Package xcolor Info: Model `cmy' substituted by `cmy0' on input line 1348.
Package xcolor Info: Model `RGB' extended on input line 1364.
Package xcolor Info: Model `HTML' substituted by `rgb' on input line 1366.
Package xcolor Info: Model `Hsb' substituted by `hsb' on input line 1367.
Package xcolor Info: Model `tHsb' substituted by `hsb' on input line 1368.
Package xcolor Info: Model `HSB' substituted by `hsb' on input line 1369.
Package xcolor Info: Model `Gray' substituted by `gray' on input line 1370.
Package xcolor Info: Model `wave' substituted by `hsb' on input line 1371.

(c:/Users/jkkap/AppData/Roaming/TinyTeX/texmf-dist/tex/latex/graphics/dvipsnam.
def
File: dvipsnam.def 2016/06/17 v3.0m Driver-dependent file (DPC,SPQR)
) (c:/Users/jkkap/AppData/Roaming/TinyTeX/texmf-dist/tex/latex/xcolor/svgnam.de
f
File: svgnam.def 2016/05/11 v2.12 Predefined colors according to SVG 1.1 (UK)
) (c:/Users/jkkap/AppData/Roaming/TinyTeX/texmf-dist/tex/latex/xcolor/x11nam.de
f
File: x11nam.def 2016/05/11 v2.12 Predefined colors according to Unix/X11 (UK)
))
(c:/Users/jkkap/AppData/Roaming/TinyTeX/texmf-dist/tex/latex/hyperref/hyperref.
sty
Package: hyperref 2021-06-07 v7.00m Hypertext links for LaTeX

(c:/Users/jkkap/AppData/Roaming/TinyTeX/texmf-dist/tex/generic/ltxcmds/ltxcmds.
sty
Package: ltxcmds 2020-05-10 v1.25 LaTeX kernel commands for general use (HO)
)
(c:/Users/jkkap/AppData/Roaming/TinyTeX/texmf-dist/tex/generic/pdftexcmds/pdfte
xcmds.sty
Package: pdftexcmds 2020-06-27 v0.33 Utility functions of pdfTeX for LuaTeX (HO
)

(c:/Users/jkkap/AppData/Roaming/TinyTeX/texmf-dist/tex/generic/infwarerr/infwar
err.sty
Package: infwarerr 2019/12/03 v1.5 Providing info/warning/error messages (HO)
)
Package pdftexcmds Info: \pdf@primitive is available.
Package pdftexcmds Info: \pdf@ifprimitive is available.
Package pdftexcmds Info: \pdfdraftmode not found.
)
(c:/Users/jkkap/AppData/Roaming/TinyTeX/texmf-dist/tex/latex/graphics/keyval.st
y
Package: keyval 2014/10/28 v1.15 key=value parser (DPC)
\KV@toks@=\toks21
)
(c:/Users/jkkap/AppData/Roaming/TinyTeX/texmf-dist/tex/generic/kvsetkeys/kvsetk
eys.sty
Package: kvsetkeys 2019/12/15 v1.18 Key value parser (HO)
)
(c:/Users/jkkap/AppData/Roaming/TinyTeX/texmf-dist/tex/generic/kvdefinekeys/kvd
efinekeys.sty
Package: kvdefinekeys 2019-12-19 v1.6 Define keys (HO)
)
(c:/Users/jkkap/AppData/Roaming/TinyTeX/texmf-dist/tex/generic/pdfescape/pdfesc
ape.sty
Package: pdfescape 2019/12/09 v1.15 Implements pdfTeX's escape features (HO)
)
(c:/Users/jkkap/AppData/Roaming/TinyTeX/texmf-dist/tex/latex/hycolor/hycolor.st
y
Package: hycolor 2020-01-27 v1.10 Color options for hyperref/bookmark (HO)
)
(c:/Users/jkkap/AppData/Roaming/TinyTeX/texmf-dist/tex/latex/letltxmacro/letltx
macro.sty
Package: letltxmacro 2019/12/03 v1.6 Let assignment for LaTeX macros (HO)
)
(c:/Users/jkkap/AppData/Roaming/TinyTeX/texmf-dist/tex/latex/auxhook/auxhook.st
y
Package: auxhook 2019-12-17 v1.6 Hooks for auxiliary files (HO)
)
(c:/Users/jkkap/AppData/Roaming/TinyTeX/texmf-dist/tex/latex/kvoptions/kvoption
s.sty
Package: kvoptions 2020-10-07 v3.14 Key value format for package options (HO)
)
\@linkdim=\dimen151
\Hy@linkcounter=\count286
\Hy@pagecounter=\count287

(c:/Users/jkkap/AppData/Roaming/TinyTeX/texmf-dist/tex/latex/hyperref/pd1enc.de
f
File: pd1enc.def 2021-06-07 v7.00m Hyperref: PDFDocEncoding definition (HO)
)
(c:/Users/jkkap/AppData/Roaming/TinyTeX/texmf-dist/tex/latex/hyperref/hyperref-
langpatches.def
File: hyperref-langpatches.def 2021-06-07 v7.00m Hyperref: patches for babel la
nguages
)
(c:/Users/jkkap/AppData/Roaming/TinyTeX/texmf-dist/tex/generic/intcalc/intcalc.
sty
Package: intcalc 2019/12/15 v1.3 Expandable calculations with integers (HO)
)
(c:/Users/jkkap/AppData/Roaming/TinyTeX/texmf-dist/tex/generic/etexcmds/etexcmd
s.sty
Package: etexcmds 2019/12/15 v1.7 Avoid name clashes with e-TeX commands (HO)
)
\Hy@SavedSpaceFactor=\count288

(c:/Users/jkkap/AppData/Roaming/TinyTeX/texmf-dist/tex/latex/hyperref/puenc.def
File: puenc.def 2021-06-07 v7.00m Hyperref: PDF Unicode definition (HO)
)
Package hyperref Info: Option `unicode' set `true' on input line 4073.
Package hyperref Info: Hyper figures OFF on input line 4192.
Package hyperref Info: Link nesting OFF on input line 4197.
Package hyperref Info: Hyper index ON on input line 4200.
Package hyperref Info: Plain pages OFF on input line 4207.
Package hyperref Info: Backreferencing OFF on input line 4212.
Package hyperref Info: Implicit mode ON; LaTeX internals redefined.
Package hyperref Info: Bookmarks ON on input line 4445.
\c@Hy@tempcnt=\count289
(c:/Users/jkkap/AppData/Roaming/TinyTeX/texmf-dist/tex/latex/url/url.sty
\Urlmuskip=\muskip18
Package: url 2013/09/16  ver 3.4  Verb mode for urls, etc.
)
LaTeX Info: Redefining \url on input line 4804.
\XeTeXLinkMargin=\dimen152

(c:/Users/jkkap/AppData/Roaming/TinyTeX/texmf-dist/tex/generic/bitset/bitset.st
y
Package: bitset 2019/12/09 v1.3 Handle bit-vector datatype (HO)

(c:/Users/jkkap/AppData/Roaming/TinyTeX/texmf-dist/tex/generic/bigintcalc/bigin
tcalc.sty
Package: bigintcalc 2019/12/15 v1.5 Expandable calculations on big integers (HO
)
))
\Fld@menulength=\count290
\Field@Width=\dimen153
\Fld@charsize=\dimen154
Package hyperref Info: Hyper figures OFF on input line 6076.
Package hyperref Info: Link nesting OFF on input line 6081.
Package hyperref Info: Hyper index ON on input line 6084.
Package hyperref Info: backreferencing OFF on input line 6091.
Package hyperref Info: Link coloring OFF on input line 6096.
Package hyperref Info: Link coloring with OCG OFF on input line 6101.
Package hyperref Info: PDF/A mode OFF on input line 6106.
LaTeX Info: Redefining \ref on input line 6146.
LaTeX Info: Redefining \pageref on input line 6150.

(c:/Users/jkkap/AppData/Roaming/TinyTeX/texmf-dist/tex/latex/base/atbegshi-ltx.
sty
Package: atbegshi-ltx 2021/01/10 v1.0c Emulation of the original atbegshi
package with kernel methods
)
\Hy@abspage=\count291
\c@Item=\count292
\c@Hfootnote=\count293
)
Package hyperref Info: Driver (autodetected): hxetex.

(c:/Users/jkkap/AppData/Roaming/TinyTeX/texmf-dist/tex/latex/hyperref/hxetex.de
f
File: hxetex.def 2021-06-07 v7.00m Hyperref driver for XeTeX

(c:/Users/jkkap/AppData/Roaming/TinyTeX/texmf-dist/tex/generic/stringenc/string
enc.sty
Package: stringenc 2019/11/29 v1.12 Convert strings between diff. encodings (HO
)
)
\pdfm@box=\box53
\c@Hy@AnnotLevel=\count294
\HyField@AnnotCount=\count295
\Fld@listcount=\count296
\c@bookmark@seq@number=\count297

(c:/Users/jkkap/AppData/Roaming/TinyTeX/texmf-dist/tex/latex/rerunfilecheck/rer
unfilecheck.sty
Package: rerunfilecheck 2019/12/05 v1.9 Rerun checks for auxiliary files (HO)

(c:/Users/jkkap/AppData/Roaming/TinyTeX/texmf-dist/tex/latex/base/atveryend-ltx
.sty
Package: atveryend-ltx 2020/08/19 v1.0a Emulation of the original atvery packag
e
with kernel methods
)
(c:/Users/jkkap/AppData/Roaming/TinyTeX/texmf-dist/tex/generic/uniquecounter/un
iquecounter.sty
Package: uniquecounter 2019/12/15 v1.4 Provide unlimited unique counter (HO)
)
Package uniquecounter Info: New unique counter `rerunfilecheck' on input line 2
86.
)
\Hy@SectionHShift=\skip52
)
Package hyperref Info: Option `colorlinks' set `true' on input line 50.

(c:/Users/jkkap/AppData/Roaming/TinyTeX/texmf-dist/tex/latex/geometry/geometry.
sty
Package: geometry 2020/01/02 v5.9 Page Geometry

(c:/Users/jkkap/AppData/Roaming/TinyTeX/texmf-dist/tex/generic/iftex/ifvtex.sty
Package: ifvtex 2019/10/25 v1.7 ifvtex legacy package. Use iftex instead.
)
\Gm@cnth=\count298
\Gm@cntv=\count299
\c@Gm@tempcnt=\count300
\Gm@bindingoffset=\dimen155
\Gm@wd@mp=\dimen156
\Gm@odd@mp=\dimen157
\Gm@even@mp=\dimen158
\Gm@layoutwidth=\dimen159
\Gm@layoutheight=\dimen160
\Gm@layouthoffset=\dimen161
\Gm@layoutvoffset=\dimen162
\Gm@dimlist=\toks22
)
(c:/Users/jkkap/AppData/Roaming/TinyTeX/texmf-dist/tex/latex/fancyvrb/fancyvrb.
sty
Package: fancyvrb 2021/01/20 v3.7 verbatim text (tvz,hv)
\FV@CodeLineNo=\count301
\FV@InFile=\read2
\FV@TabBox=\box54
\c@FancyVerbLine=\count302
\FV@StepNumber=\count303
\FV@OutFile=\write3
) (c:/Users/jkkap/AppData/Roaming/TinyTeX/texmf-dist/tex/latex/framed/framed.st
y
Package: framed 2011/10/22 v 0.96: framed or shaded text with page breaks
\OuterFrameSep=\skip53
\fb@frw=\dimen163
\fb@frh=\dimen164
\FrameRule=\dimen165
\FrameSep=\dimen166
)
(c:/Users/jkkap/AppData/Roaming/TinyTeX/texmf-dist/tex/latex/tools/longtable.st
y
Package: longtable 2021-05-07 v4.16 Multi-page Table package (DPC)
\LTleft=\skip54
\LTright=\skip55
\LTpre=\skip56
\LTpost=\skip57
\LTchunksize=\count304
\LTcapwidth=\dimen167
\LT@head=\box55
\LT@firsthead=\box56
\LT@foot=\box57
\LT@lastfoot=\box58
\LT@gbox=\box59
\LT@cols=\count305
\LT@rows=\count306
\c@LT@tables=\count307
\c@LT@chunks=\count308
\LT@p@ftn=\toks23
)
(c:/Users/jkkap/AppData/Roaming/TinyTeX/texmf-dist/tex/latex/booktabs/booktabs.
sty
Package: booktabs 2020/01/12 v1.61803398 Publication quality tables
\heavyrulewidth=\dimen168
\lightrulewidth=\dimen169
\cmidrulewidth=\dimen170
\belowrulesep=\dimen171
\belowbottomsep=\dimen172
\aboverulesep=\dimen173
\abovetopsep=\dimen174
\cmidrulesep=\dimen175
\cmidrulekern=\dimen176
\defaultaddspace=\dimen177
\@cmidla=\count309
\@cmidlb=\count310
\@aboverulesep=\dimen178
\@belowrulesep=\dimen179
\@thisruleclass=\count311
\@lastruleclass=\count312
\@thisrulewidth=\dimen180
) (c:/Users/jkkap/AppData/Roaming/TinyTeX/texmf-dist/tex/latex/tools/calc.sty
Package: calc 2017/05/25 v4.3 Infix arithmetic (KKT,FJ)
\calc@Acount=\count313
\calc@Bcount=\count314
\calc@Adimen=\dimen181
\calc@Bdimen=\dimen182
\calc@Askip=\skip58
\calc@Bskip=\skip59
LaTeX Info: Redefining \setlength on input line 80.
LaTeX Info: Redefining \addtolength on input line 81.
\calc@Ccount=\count315
\calc@Cskip=\skip60
)
(c:/Users/jkkap/AppData/Roaming/TinyTeX/texmf-dist/tex/latex/etoolbox/etoolbox.
sty
Package: etoolbox 2020/10/05 v2.5k e-TeX tools for LaTeX (JAW)
\etb@tempcnta=\count316
)
(c:/Users/jkkap/AppData/Roaming/TinyTeX/texmf-dist/tex/latex/mdwtools/footnote.
sty
Package: footnote 1997/01/28 1.13 Save footnotes around boxes
\fn@notes=\box60
\fn@width=\dimen183
)
(c:/Users/jkkap/AppData/Roaming/TinyTeX/texmf-dist/tex/latex/graphics/graphicx.
sty
Package: graphicx 2020/12/05 v1.2c Enhanced LaTeX Graphics (DPC,SPQR)

(c:/Users/jkkap/AppData/Roaming/TinyTeX/texmf-dist/tex/latex/graphics/graphics.
sty
Package: graphics 2021/03/04 v1.4d Standard LaTeX Graphics (DPC,SPQR)
(c:/Users/jkkap/AppData/Roaming/TinyTeX/texmf-dist/tex/latex/graphics/trig.sty
Package: trig 2016/01/03 v1.10 sin cos tan (DPC)
)
(c:/Users/jkkap/AppData/Roaming/TinyTeX/texmf-dist/tex/latex/graphics-cfg/graph
ics.cfg
File: graphics.cfg 2016/06/04 v1.11 sample graphics configuration
)
Package graphics Info: Driver file: xetex.def on input line 107.
)
\Gin@req@height=\dimen184
\Gin@req@width=\dimen185
) (c:/Users/jkkap/AppData/Roaming/TinyTeX/texmf-dist/tex/latex/natbib/natbib.st
y
Package: natbib 2010/09/13 8.31b (PWD, AO)
\bibhang=\skip61
\bibsep=\skip62
LaTeX Info: Redefining \cite on input line 694.
\c@NAT@ctr=\count317
) (./crimebythenumbers.aux)
\openout1 = `crimebythenumbers.aux'.

LaTeX Font Info:    Checking defaults for OML/cmm/m/it on input line 130.
LaTeX Font Info:    ... okay on input line 130.
LaTeX Font Info:    Checking defaults for OMS/cmsy/m/n on input line 130.
LaTeX Font Info:    ... okay on input line 130.
LaTeX Font Info:    Checking defaults for OT1/cmr/m/n on input line 130.
LaTeX Font Info:    ... okay on input line 130.
LaTeX Font Info:    Checking defaults for T1/cmr/m/n on input line 130.
LaTeX Font Info:    ... okay on input line 130.
LaTeX Font Info:    Checking defaults for TS1/cmr/m/n on input line 130.
LaTeX Font Info:    ... okay on input line 130.
LaTeX Font Info:    Checking defaults for TU/lmr/m/n on input line 130.
LaTeX Font Info:    ... okay on input line 130.
LaTeX Font Info:    Checking defaults for OMX/cmex/m/n on input line 130.
LaTeX Font Info:    ... okay on input line 130.
LaTeX Font Info:    Checking defaults for U/cmr/m/n on input line 130.
LaTeX Font Info:    ... okay on input line 130.
LaTeX Font Info:    Checking defaults for PD1/pdf/m/n on input line 130.
LaTeX Font Info:    ... okay on input line 130.
LaTeX Font Info:    Checking defaults for PU/pdf/m/n on input line 130.
LaTeX Font Info:    ... okay on input line 130.
LaTeX Font Info:    Overwriting math alphabet `\mathrm' in version `normal'
(Font)                  OT1/lmr/m/n --> TU/lmr/m/n on input line 130.
LaTeX Font Info:    Overwriting math alphabet `\mathit' in version `normal'
(Font)                  OT1/lmr/m/it --> TU/lmr/m/it on input line 130.
LaTeX Font Info:    Overwriting math alphabet `\mathbf' in version `normal'
(Font)                  OT1/lmr/bx/n --> TU/lmr/bx/n on input line 130.
LaTeX Font Info:    Overwriting math alphabet `\mathsf' in version `normal'
(Font)                  OT1/lmss/m/n --> TU/lmss/m/n on input line 130.
LaTeX Font Info:    Overwriting math alphabet `\mathsf' in version `bold'
(Font)                  OT1/lmss/bx/n --> TU/lmss/bx/n on input line 130.
LaTeX Font Info:    Overwriting math alphabet `\mathtt' in version `normal'
(Font)                  OT1/lmtt/m/n --> TU/lmtt/m/n on input line 130.
LaTeX Font Info:    Overwriting math alphabet `\mathtt' in version `bold'
(Font)                  OT1/lmtt/m/n --> TU/lmtt/bx/n on input line 130.

Package fontspec Info: latinmodern-math scale = 0.9999970497384594.


Package fontspec Info: latinmodern-math scale = 0.9999970497384594.


Package fontspec Info: latinmodern-math scale = 0.9999970497384594.


Package fontspec Info: Font family 'latinmodern-math.otf(0)' created for font
(fontspec)             'latinmodern-math.otf' with options
(fontspec)             [Scale=MatchLowercase,BoldItalicFont={},ItalicFont={},Sm
allCapsFont={},Script=Math,BoldFont={latinmodern-math.otf}].
(fontspec)              
(fontspec)              This font family consists of the following NFSS
(fontspec)             series/shapes:
(fontspec)              
(fontspec)             - 'normal' (m/n) with NFSS spec.:
(fontspec)             <->s*[0.9999970497384594]"[latinmodern-math.otf]/OT:scri
pt=math;language=dflt;"
(fontspec)             - 'small caps'  (m/sc) with NFSS spec.: 
(fontspec)             - 'bold' (b/n) with NFSS spec.:
(fontspec)             <->s*[0.9999970497384594]"[latinmodern-math.otf]/OT:scri
pt=math;language=dflt;"
(fontspec)             - 'bold small caps'  (b/sc) with NFSS spec.: 

LaTeX Font Info:    Font shape `TU/latinmodern-math.otf(0)/m/n' will be
(Font)              scaled to size 12.0pt on input line 130.

Package fontspec Info: latinmodern-math scale = 0.9999970497384594.


Package fontspec Info: latinmodern-math scale = 0.9999970497384594.


Package fontspec Info: latinmodern-math scale = 0.9999970497384594.


Package fontspec Info: latinmodern-math scale = 0.9999970497384594.


Package fontspec Info: latinmodern-math scale = 0.9999970497384594.


Package fontspec Info: Font family 'latinmodern-math.otf(1)' created for font
(fontspec)             'latinmodern-math.otf' with options
(fontspec)             [Scale=MatchLowercase,BoldItalicFont={},ItalicFont={},Sm
allCapsFont={},Script=Math,SizeFeatures={{Size=10.2-},{Size=7.2-10.2,Font=latin
modern-math.otf,Style=MathScript},{Size=-7.2,Font=latinmodern-math.otf,Style=Ma
thScriptScript}},BoldFont={latinmodern-math.otf}].
(fontspec)              
(fontspec)              This font family consists of the following NFSS
(fontspec)             series/shapes:
(fontspec)              
(fontspec)             - 'normal' (m/n) with NFSS spec.:
(fontspec)             <10.2->s*[0.9999970497384594]"[latinmodern-math.otf]/OT:
script=math;language=dflt;"<7.2-10.2>s*[0.9999970497384594]"[latinmodern-math.o
tf]/OT:script=math;language=dflt;+ssty=0;"<-7.2>s*[0.9999970497384594]"[latinmo
dern-math.otf]/OT:script=math;language=dflt;+ssty=1;"
(fontspec)             - 'small caps'  (m/sc) with NFSS spec.: 
(fontspec)             - 'bold' (b/n) with NFSS spec.:
(fontspec)             <->s*[0.9999970497384594]"[latinmodern-math.otf]/OT:scri
pt=math;language=dflt;"
(fontspec)             - 'bold small caps'  (b/sc) with NFSS spec.: 

LaTeX Font Info:    Font shape `TU/latinmodern-math.otf(1)/m/n' will be
(Font)              scaled to size 12.0pt on input line 130.
LaTeX Font Info:    Encoding `OT1' has changed to `TU' for symbol font
(Font)              `operators' in the math version `normal' on input line 130.

LaTeX Font Info:    Overwriting symbol font `operators' in version `normal'
(Font)                  OT1/lmr/m/n --> TU/latinmodern-math.otf(1)/m/n on input
 line 130.
LaTeX Font Info:    Encoding `OT1' has changed to `TU' for symbol font
(Font)              `operators' in the math version `bold' on input line 130.
LaTeX Font Info:    Overwriting symbol font `operators' in version `bold'
(Font)                  OT1/lmr/bx/n --> TU/latinmodern-math.otf(1)/b/n on inpu
t line 130.

Package fontspec Info: latinmodern-math scale = 0.9999970497384594.


Package fontspec Info: latinmodern-math scale = 1.000097049443433.


Package fontspec Info: latinmodern-math scale = 0.9999970497384594.


Package fontspec Info: latinmodern-math scale = 1.000097049443433.


Package fontspec Info: latinmodern-math scale = 0.9999970497384594.


Package fontspec Info: latinmodern-math scale = 1.000097049443433.


Package fontspec Info: latinmodern-math scale = 0.9999970497384594.


Package fontspec Info: latinmodern-math scale = 1.000097049443433.


Package fontspec Info: latinmodern-math scale = 0.9999970497384594.


Package fontspec Info: latinmodern-math scale = 1.000097049443433.


Package fontspec Info: Font family 'latinmodern-math.otf(2)' created for font
(fontspec)             'latinmodern-math.otf' with options
(fontspec)             [Scale=MatchLowercase,BoldItalicFont={},ItalicFont={},Sm
allCapsFont={},Script=Math,SizeFeatures={{Size=10.2-},{Size=7.2-10.2,Font=latin
modern-math.otf,Style=MathScript},{Size=-7.2,Font=latinmodern-math.otf,Style=Ma
thScriptScript}},BoldFont={latinmodern-math.otf},ScaleAgain=1.0001,FontAdjustme
nt={\fontdimen
(fontspec)             8\font =8.124pt\relax \fontdimen 9\font =4.728pt\relax
(fontspec)             \fontdimen 10\font =5.328pt\relax \fontdimen 11\font
(fontspec)             =8.232pt\relax \fontdimen 12\font =4.14pt\relax
(fontspec)             \fontdimen 13\font =4.356pt\relax \fontdimen 14\font
(fontspec)             =4.356pt\relax \fontdimen 15\font =3.468pt\relax
(fontspec)             \fontdimen 16\font =2.964pt\relax \fontdimen 17\font
(fontspec)             =2.964pt\relax \fontdimen 18\font =3.0pt\relax
(fontspec)             \fontdimen 19\font =2.4pt\relax \fontdimen 22\font
(fontspec)             =3.0pt\relax \fontdimen 20\font =0pt\relax \fontdimen
(fontspec)             21\font =0pt\relax }].
(fontspec)              
(fontspec)              This font family consists of the following NFSS
(fontspec)             series/shapes:
(fontspec)              
(fontspec)             - 'normal' (m/n) with NFSS spec.:
(fontspec)             <10.2->s*[1.000097049443433]"[latinmodern-math.otf]/OT:s
cript=math;language=dflt;"<7.2-10.2>s*[1.000097049443433]"[latinmodern-math.otf
]/OT:script=math;language=dflt;+ssty=0;"<-7.2>s*[1.000097049443433]"[latinmoder
n-math.otf]/OT:script=math;language=dflt;+ssty=1;"
(fontspec)             - 'small caps'  (m/sc) with NFSS spec.: 
(fontspec)             and font adjustment code:
(fontspec)             \fontdimen 8\font =8.124pt\relax \fontdimen 9\font
(fontspec)             =4.728pt\relax \fontdimen 10\font =5.328pt\relax
(fontspec)             \fontdimen 11\font =8.232pt\relax \fontdimen 12\font
(fontspec)             =4.14pt\relax \fontdimen 13\font =4.356pt\relax
(fontspec)             \fontdimen 14\font =4.356pt\relax \fontdimen 15\font
(fontspec)             =3.468pt\relax \fontdimen 16\font =2.964pt\relax
(fontspec)             \fontdimen 17\font =2.964pt\relax \fontdimen 18\font
(fontspec)             =3.0pt\relax \fontdimen 19\font =2.4pt\relax \fontdimen
(fontspec)             22\font =3.0pt\relax \fontdimen 20\font =0pt\relax
(fontspec)             \fontdimen 21\font =0pt\relax 
(fontspec)             - 'bold' (b/n) with NFSS spec.:
(fontspec)             <->s*[1.000097049443433]"[latinmodern-math.otf]/OT:scrip
t=math;language=dflt;"
(fontspec)             - 'bold small caps'  (b/sc) with NFSS spec.: 
(fontspec)             and font adjustment code:
(fontspec)             \fontdimen 8\font =8.124pt\relax \fontdimen 9\font
(fontspec)             =4.728pt\relax \fontdimen 10\font =5.328pt\relax
(fontspec)             \fontdimen 11\font =8.232pt\relax \fontdimen 12\font
(fontspec)             =4.14pt\relax \fontdimen 13\font =4.356pt\relax
(fontspec)             \fontdimen 14\font =4.356pt\relax \fontdimen 15\font
(fontspec)             =3.468pt\relax \fontdimen 16\font =2.964pt\relax
(fontspec)             \fontdimen 17\font =2.964pt\relax \fontdimen 18\font
(fontspec)             =3.0pt\relax \fontdimen 19\font =2.4pt\relax \fontdimen
(fontspec)             22\font =3.0pt\relax \fontdimen 20\font =0pt\relax
(fontspec)             \fontdimen 21\font =0pt\relax 

LaTeX Font Info:    Encoding `OMS' has changed to `TU' for symbol font
(Font)              `symbols' in the math version `normal' on input line 130.
LaTeX Font Info:    Overwriting symbol font `symbols' in version `normal'
(Font)                  OMS/lmsy/m/n --> TU/latinmodern-math.otf(2)/m/n on inpu
t line 130.
LaTeX Font Info:    Encoding `OMS' has changed to `TU' for symbol font
(Font)              `symbols' in the math version `bold' on input line 130.
LaTeX Font Info:    Overwriting symbol font `symbols' in version `bold'
(Font)                  OMS/lmsy/b/n --> TU/latinmodern-math.otf(2)/b/n on inpu
t line 130.

Package fontspec Info: latinmodern-math scale = 0.9999970497384594.


Package fontspec Info: latinmodern-math scale = 0.9998970500334856.


Package fontspec Info: latinmodern-math scale = 0.9999970497384594.


Package fontspec Info: latinmodern-math scale = 0.9998970500334856.


Package fontspec Info: latinmodern-math scale = 0.9999970497384594.


Package fontspec Info: latinmodern-math scale = 0.9998970500334856.


Package fontspec Info: latinmodern-math scale = 0.9999970497384594.


Package fontspec Info: latinmodern-math scale = 0.9998970500334856.


Package fontspec Info: latinmodern-math scale = 0.9999970497384594.


Package fontspec Info: latinmodern-math scale = 0.9998970500334856.


Package fontspec Info: Font family 'latinmodern-math.otf(3)' created for font
(fontspec)             'latinmodern-math.otf' with options
(fontspec)             [Scale=MatchLowercase,BoldItalicFont={},ItalicFont={},Sm
allCapsFont={},Script=Math,SizeFeatures={{Size=10.2-},{Size=7.2-10.2,Font=latin
modern-math.otf,Style=MathScript},{Size=-7.2,Font=latinmodern-math.otf,Style=Ma
thScriptScript}},BoldFont={latinmodern-math.otf},ScaleAgain=0.9999,FontAdjustme
nt={\fontdimen
(fontspec)             8\font =0.48pt\relax \fontdimen 9\font =2.4pt\relax
(fontspec)             \fontdimen 10\font =2.004pt\relax \fontdimen 11\font
(fontspec)             =1.332pt\relax \fontdimen 12\font =7.2pt\relax
(fontspec)             \fontdimen 13\font =0pt\relax }].
(fontspec)              
(fontspec)              This font family consists of the following NFSS
(fontspec)             series/shapes:
(fontspec)              
(fontspec)             - 'normal' (m/n) with NFSS spec.:
(fontspec)             <10.2->s*[0.9998970500334856]"[latinmodern-math.otf]/OT:
script=math;language=dflt;"<7.2-10.2>s*[0.9998970500334856]"[latinmodern-math.o
tf]/OT:script=math;language=dflt;+ssty=0;"<-7.2>s*[0.9998970500334856]"[latinmo
dern-math.otf]/OT:script=math;language=dflt;+ssty=1;"
(fontspec)             - 'small caps'  (m/sc) with NFSS spec.: 
(fontspec)             and font adjustment code:
(fontspec)             \fontdimen 8\font =0.48pt\relax \fontdimen 9\font
(fontspec)             =2.4pt\relax \fontdimen 10\font =2.004pt\relax
(fontspec)             \fontdimen 11\font =1.332pt\relax \fontdimen 12\font
(fontspec)             =7.2pt\relax \fontdimen 13\font =0pt\relax 
(fontspec)             - 'bold' (b/n) with NFSS spec.:
(fontspec)             <->s*[0.9998970500334856]"[latinmodern-math.otf]/OT:scri
pt=math;language=dflt;"
(fontspec)             - 'bold small caps'  (b/sc) with NFSS spec.: 
(fontspec)             and font adjustment code:
(fontspec)             \fontdimen 8\font =0.48pt\relax \fontdimen 9\font
(fontspec)             =2.4pt\relax \fontdimen 10\font =2.004pt\relax
(fontspec)             \fontdimen 11\font =1.332pt\relax \fontdimen 12\font
(fontspec)             =7.2pt\relax \fontdimen 13\font =0pt\relax 

LaTeX Font Info:    Encoding `OMX' has changed to `TU' for symbol font
(Font)              `largesymbols' in the math version `normal' on input line 1
30.
LaTeX Font Info:    Overwriting symbol font `largesymbols' in version `normal'
(Font)                  OMX/lmex/m/n --> TU/latinmodern-math.otf(3)/m/n on inpu
t line 130.
LaTeX Font Info:    Encoding `OMX' has changed to `TU' for symbol font
(Font)              `largesymbols' in the math version `bold' on input line 130
.
LaTeX Font Info:    Overwriting symbol font `largesymbols' in version `bold'
(Font)                  OMX/lmex/m/n --> TU/latinmodern-math.otf(3)/b/n on inpu
t line 130.
Package hyperref Info: Link coloring ON on input line 130.

(c:/Users/jkkap/AppData/Roaming/TinyTeX/texmf-dist/tex/latex/hyperref/nameref.s
ty
Package: nameref 2021-04-02 v2.47 Cross-referencing by name of section

(c:/Users/jkkap/AppData/Roaming/TinyTeX/texmf-dist/tex/latex/refcount/refcount.
sty
Package: refcount 2019/12/15 v3.6 Data extraction from label references (HO)
)
(c:/Users/jkkap/AppData/Roaming/TinyTeX/texmf-dist/tex/generic/gettitlestring/g
ettitlestring.sty
Package: gettitlestring 2019/12/15 v1.6 Cleanup title references (HO)
)
\c@section@level=\count318
)
LaTeX Info: Redefining \ref on input line 130.
LaTeX Info: Redefining \pageref on input line 130.
LaTeX Info: Redefining \nameref on input line 130.
(./crimebythenumbers.out) (./crimebythenumbers.out)
\@outlinefile=\write4
\openout4 = `crimebythenumbers.out'.

*geometry* driver: auto-detecting
*geometry* detected driver: xetex
*geometry* verbose mode - [ preamble ] result:
* driver: xetex
* paper: <default>
* layout: <same size as paper>
* layoutoffset:(h,v)=(0.0pt,0.0pt)
* modes: twoside 
* h-part:(L,W,R)=(72.26999pt, 469.75502pt, 72.26999pt)
* v-part:(T,H,B)=(72.26999pt, 650.43001pt, 72.26999pt)
* \paperwidth=614.295pt
* \paperheight=794.96999pt
* \textwidth=469.75502pt
* \textheight=650.43001pt
* \oddsidemargin=0.0pt
* \evensidemargin=0.0pt
* \topmargin=-31.8738pt
* \headheight=12.0pt
* \headsep=19.8738pt
* \topskip=12.0pt
* \footskip=30.0pt
* \marginparwidth=98.0pt
* \marginparsep=7.0pt
* \columnsep=10.0pt
* \skip\footins=10.8pt plus 4.0pt minus 2.0pt
* \hoffset=0.0pt
* \voffset=0.0pt
* \mag=1000
* \@twocolumnfalse
* \@twosidetrue
* \@mparswitchtrue
* \@reversemarginfalse
* (1in=72.27pt=25.4mm, 1cm=28.453pt)

LaTeX Font Info:    Font shape `TU/latinmodern-math.otf(1)/m/n' will be
(Font)              scaled to size 14.4pt on input line 132.
LaTeX Font Info:    Font shape `TU/latinmodern-math.otf(1)/m/n' will be
(Font)              scaled to size 10.0pt on input line 132.
LaTeX Font Info:    Font shape `TU/latinmodern-math.otf(1)/m/n' will be
(Font)              scaled to size 7.0pt on input line 132.
LaTeX Font Info:    Trying to load font information for OML+lmm on input line 1
32.
(c:/Users/jkkap/AppData/Roaming/TinyTeX/texmf-dist/tex/latex/lm/omllmm.fd
File: omllmm.fd 2015/05/01 v1.6.1 Font defs for Latin Modern
)
LaTeX Font Info:    Font shape `TU/latinmodern-math.otf(2)/m/n' will be
(Font)              scaled to size 14.4013pt on input line 132.
LaTeX Font Info:    Font shape `TU/latinmodern-math.otf(2)/m/n' will be
(Font)              scaled to size 10.00092pt on input line 132.
LaTeX Font Info:    Font shape `TU/latinmodern-math.otf(2)/m/n' will be
(Font)              scaled to size 7.00064pt on input line 132.
LaTeX Font Info:    Font shape `TU/latinmodern-math.otf(3)/m/n' will be
(Font)              scaled to size 14.39845pt on input line 132.
LaTeX Font Info:    Font shape `TU/latinmodern-math.otf(3)/m/n' will be
(Font)              scaled to size 9.99893pt on input line 132.
LaTeX Font Info:    Font shape `TU/latinmodern-math.otf(3)/m/n' will be
(Font)              scaled to size 6.99925pt on input line 132.
[1


] (./crimebythenumbers.toc
LaTeX Font Info:    Font shape `TU/latinmodern-math.otf(1)/m/n' will be
(Font)              scaled to size 8.4pt on input line 2.
LaTeX Font Info:    Font shape `TU/latinmodern-math.otf(1)/m/n' will be
(Font)              scaled to size 6.0pt on input line 2.
LaTeX Font Info:    Font shape `TU/latinmodern-math.otf(2)/m/n' will be
(Font)              scaled to size 12.0011pt on input line 2.
LaTeX Font Info:    Font shape `TU/latinmodern-math.otf(2)/m/n' will be
(Font)              scaled to size 8.40076pt on input line 2.
LaTeX Font Info:    Font shape `TU/latinmodern-math.otf(2)/m/n' will be
(Font)              scaled to size 6.00055pt on input line 2.
LaTeX Font Info:    Font shape `TU/latinmodern-math.otf(3)/m/n' will be
(Font)              scaled to size 11.99872pt on input line 2.
LaTeX Font Info:    Font shape `TU/latinmodern-math.otf(3)/m/n' will be
(Font)              scaled to size 8.3991pt on input line 2.
LaTeX Font Info:    Font shape `TU/latinmodern-math.otf(3)/m/n' will be
(Font)              scaled to size 5.99936pt on input line 2.
[2

] [3]
LaTeX Font Info:    Font shape `TU/lmtt/bx/n' in size <12> not available
(Font)              Font shape `TU/lmtt/b/n' tried instead on input line 75.
[4] [5] [6] [7])
\tf@toc=\write5
\openout5 = `crimebythenumbers.toc'.

[8]
Chapter 1.
[9

]
Underfull \vbox (badness 1609) has occurred while \output is active []

[10] [11] [12]
File: images/edit_button.png Graphic file (type bmp)
<images/edit_button.png>
[13] [14] [15

]
Chapter 2.
File: images/rstudio_1.PNG Graphic file (type bmp)
<images/rstudio_1.PNG>

Underfull \vbox (badness 10000) has occurred while \output is active []

[16

] [17]
File: images/rstudio_2.PNG Graphic file (type bmp)
<images/rstudio_2.PNG>

Underfull \vbox (badness 10000) has occurred while \output is active []

[18] [19]
File: images/rstudio_3.PNG Graphic file (type bmp)
<images/rstudio_3.PNG>

Underfull \vbox (badness 10000) has occurred while \output is active []

[20]
File: images/rstudio_5.PNG Graphic file (type bmp)
<images/rstudio_5.PNG>
[21]
File: images/rstudio_6.PNG Graphic file (type bmp)
<images/rstudio_6.PNG>
File: images/rstudio_7.PNG Graphic file (type bmp)
<images/rstudio_7.PNG>

Underfull \vbox (badness 4108) has occurred while \output is active []

[22]
File: images/rstudio_8.PNG Graphic file (type bmp)
<images/rstudio_8.PNG>

Underfull \vbox (badness 10000) has occurred while \output is active []

[23]
File: images/rstudio_9.PNG Graphic file (type bmp)
<images/rstudio_9.PNG>

Underfull \vbox (badness 10000) has occurred while \output is active []

[24]
File: images/rstudio_4.PNG Graphic file (type bmp)
<images/rstudio_4.PNG>

Underfull \vbox (badness 10000) has occurred while \output is active []

[25] [26] [27] [28] [29]
File: crimebythenumbers_files/figure-latex/unnamed-chunk-5-1.pdf Graphic file (
type pdf)
<use crimebythenumbers_files/figure-latex/unnamed-chunk-5-1.pdf>
File: images/help_page.PNG Graphic file (type bmp)
<images/help_page.PNG>

Underfull \vbox (badness 3364) has occurred while \output is active []

[30] [31] [32

]
Chapter 3.
[33

] [34]
Underfull \hbox (badness 10000) in paragraph at lines 636--637
\TU/lmr/m/n/12 Earlier we wrote \TU/lmtt/m/n/12 animals <- c("cat", "dog", "gor
illa", "buffalo", "lion",
 []

[35] [36] [37] [38] [39] [40]
File: images/peanut.png Graphic file (type bmp)
<images/peanut.png>

Underfull \vbox (badness 10000) has occurred while \output is active []

[41] [42]
File: images/dog_food.PNG Graphic file (type bmp)
<images/dog_food.PNG>
LaTeX Font Info:    Font shape `TU/latinmodern-math.otf(1)/m/n' will be
(Font)              scaled to size 5.0pt on input line 903.
LaTeX Font Info:    Font shape `TU/latinmodern-math.otf(2)/m/n' will be
(Font)              scaled to size 5.00046pt on input line 903.
LaTeX Font Info:    Font shape `TU/latinmodern-math.otf(3)/m/n' will be
(Font)              scaled to size 4.99947pt on input line 903.
[43] [44] [45]
Underfull \vbox (badness 10000) detected at line 1144
 []


Underfull \vbox (badness 10000) detected at line 1144
 []

[46]
Underfull \vbox (badness 10000) detected at line 1144
 []


Underfull \vbox (badness 10000) detected at line 1144
 []

[47]
Underfull \vbox (badness 10000) detected at line 1144
 []


Underfull \vbox (badness 10000) detected at line 1144
 []

[48] [49] [50]
File: images/tab_example.png Graphic file (type bmp)
<images/tab_example.png>
[51] [52]
Underfull \vbox (badness 10000) detected at line 1418
 []


Underfull \vbox (badness 10000) detected at line 1418
 []

[53]
Underfull \vbox (badness 10000) detected at line 1418
 []


Underfull \vbox (badness 10000) detected at line 1418
 []

[54]
Underfull \vbox (badness 10000) detected at line 1418
 []


Underfull \vbox (badness 10000) detected at line 1418
 []

[55]
Underfull \vbox (badness 10000) detected at line 1418
 []


Underfull \vbox (badness 10000) detected at line 1418
 []

[56] [57] [58] [59]
Chapter 4.
[60

] [61] [62] [63] [64] [65]
Underfull \vbox (badness 10000) detected at line 1802
 []


Underfull \vbox (badness 10000) detected at line 1802
 []

[66] [67] [68]
File: crimebythenumbers_files/figure-latex/unnamed-chunk-13-1.pdf Graphic file 
(type pdf)
<use crimebythenumbers_files/figure-latex/unnamed-chunk-13-1.pdf>
[69]
File: crimebythenumbers_files/figure-latex/unnamed-chunk-15-1.pdf Graphic file 
(type pdf)
<use crimebythenumbers_files/figure-latex/unnamed-chunk-15-1.pdf>
[70]
File: crimebythenumbers_files/figure-latex/unnamed-chunk-16-1.pdf Graphic file 
(type pdf)
<use crimebythenumbers_files/figure-latex/unnamed-chunk-16-1.pdf>
[71] [72] [73]
File: crimebythenumbers_files/figure-latex/unnamed-chunk-23-1.pdf Graphic file 
(type pdf)
<use crimebythenumbers_files/figure-latex/unnamed-chunk-23-1.pdf>
[74]
File: crimebythenumbers_files/figure-latex/unnamed-chunk-24-1.pdf Graphic file 
(type pdf)
<use crimebythenumbers_files/figure-latex/unnamed-chunk-24-1.pdf>
File: crimebythenumbers_files/figure-latex/unnamed-chunk-25-1.pdf Graphic file 
(type pdf)
<use crimebythenumbers_files/figure-latex/unnamed-chunk-25-1.pdf>

Underfull \vbox (badness 10000) has occurred while \output is active []

[75] [76]
Chapter 5.
[77

]
Underfull \vbox (badness 10000) detected at line 2140
 []


Underfull \vbox (badness 10000) detected at line 2140
 []

[78]
LaTeX Font Info:    Font shape `TU/lmtt/bx/n' in size <17.28> not available
(Font)              Font shape `TU/lmtt/b/n' tried instead on input line 2145.
[79] [80] [81]
Underfull \vbox (badness 10000) detected at line 2302
 []


Underfull \vbox (badness 10000) detected at line 2302
 []

[82] [83] [84] [85]
Underfull \vbox (badness 10000) detected at line 2456
 []


Underfull \vbox (badness 10000) detected at line 2456
 []

[86]
LaTeX Font Info:    Font shape `TU/lmtt/bx/n' in size <14.4> not available
(Font)              Font shape `TU/lmtt/b/n' tried instead on input line 2464.
[87] [88] [89] [90]
Underfull \vbox (badness 10000) detected at line 2681
 []


Underfull \vbox (badness 10000) detected at line 2681
 []

[91] [92] [93] [94]
Underfull \vbox (badness 10000) has occurred while \output is active []

[95] [96] [97]
Underfull \vbox (badness 10000) detected at line 2967
 []


Underfull \vbox (badness 10000) detected at line 2967
 []

[98]
Underfull \vbox (badness 1796) detected at line 3023
 []

[99] [100]
Chapter 6.
[101

] [102] [103] [104] [105] [106

]
Chapter 7.
LaTeX Font Info:    Font shape `TU/lmtt/bx/n' in size <24.88> not available
(Font)              Font shape `TU/lmtt/b/n' tried instead on input line 3252.
[107

] [108] [109]
Underfull \vbox (badness 10000) detected at line 3420
 []


Underfull \vbox (badness 10000) detected at line 3420
 []

[110] [111]
File: crimebythenumbers_files/figure-latex/unnamed-chunk-10-1.pdf Graphic file 
(type pdf)
<use crimebythenumbers_files/figure-latex/unnamed-chunk-10-1.pdf>
File: crimebythenumbers_files/figure-latex/unnamed-chunk-12-1.pdf Graphic file 
(type pdf)
<use crimebythenumbers_files/figure-latex/unnamed-chunk-12-1.pdf>
[112]
File: crimebythenumbers_files/figure-latex/unnamed-chunk-13-1.pdf Graphic file 
(type pdf)
<use crimebythenumbers_files/figure-latex/unnamed-chunk-13-1.pdf>
[113]
File: crimebythenumbers_files/figure-latex/unnamed-chunk-14-1.pdf Graphic file 
(type pdf)
<use crimebythenumbers_files/figure-latex/unnamed-chunk-14-1.pdf>
File: crimebythenumbers_files/figure-latex/unnamed-chunk-15-1.pdf Graphic file 
(type pdf)
<use crimebythenumbers_files/figure-latex/unnamed-chunk-15-1.pdf>
[114]
File: crimebythenumbers_files/figure-latex/unnamed-chunk-16-1.pdf Graphic file 
(type pdf)
<use crimebythenumbers_files/figure-latex/unnamed-chunk-16-1.pdf>
File: crimebythenumbers_files/figure-latex/unnamed-chunk-17-1.pdf Graphic file 
(type pdf)
<use crimebythenumbers_files/figure-latex/unnamed-chunk-17-1.pdf>

Underfull \vbox (badness 8019) has occurred while \output is active []

[115]
File: crimebythenumbers_files/figure-latex/unnamed-chunk-18-1.pdf Graphic file 
(type pdf)
<use crimebythenumbers_files/figure-latex/unnamed-chunk-18-1.pdf>

Underfull \vbox (badness 10000) has occurred while \output is active []

[116]
File: crimebythenumbers_files/figure-latex/unnamed-chunk-19-1.pdf Graphic file 
(type pdf)
<use crimebythenumbers_files/figure-latex/unnamed-chunk-19-1.pdf>

Underfull \vbox (badness 10000) has occurred while \output is active []

[117]
File: crimebythenumbers_files/figure-latex/unnamed-chunk-20-1.pdf Graphic file 
(type pdf)
<use crimebythenumbers_files/figure-latex/unnamed-chunk-20-1.pdf>
[118]
File: crimebythenumbers_files/figure-latex/unnamed-chunk-21-1.pdf Graphic file 
(type pdf)
<use crimebythenumbers_files/figure-latex/unnamed-chunk-21-1.pdf>
File: crimebythenumbers_files/figure-latex/unnamed-chunk-22-1.pdf Graphic file 
(type pdf)
<use crimebythenumbers_files/figure-latex/unnamed-chunk-22-1.pdf>
[119]
File: crimebythenumbers_files/figure-latex/unnamed-chunk-23-1.pdf Graphic file 
(type pdf)
<use crimebythenumbers_files/figure-latex/unnamed-chunk-23-1.pdf>

Underfull \vbox (badness 10000) has occurred while \output is active []

[120]
File: crimebythenumbers_files/figure-latex/unnamed-chunk-24-1.pdf Graphic file 
(type pdf)
<use crimebythenumbers_files/figure-latex/unnamed-chunk-24-1.pdf>

Underfull \vbox (badness 10000) has occurred while \output is active []

[121]
File: images/colorbrewer.PNG Graphic file (type bmp)
<images/colorbrewer.PNG>

Underfull \vbox (badness 10000) has occurred while \output is active []

[122] [123]
File: crimebythenumbers_files/figure-latex/unnamed-chunk-25-1.pdf Graphic file 
(type pdf)
<use crimebythenumbers_files/figure-latex/unnamed-chunk-25-1.pdf>
[124]
Chapter 8.
[125

] [126] [127] [128]
Underfull \vbox (badness 10000) detected at line 4025
 []


Underfull \vbox (badness 10000) detected at line 4025
 []

[129]
Underfull \vbox (badness 10000) detected at line 4025
 []


Underfull \vbox (badness 10000) detected at line 4025
 []

[130]
Underfull \vbox (badness 10000) detected at line 4025
 []


Underfull \vbox (badness 10000) detected at line 4025
 []

[131]
Underfull \vbox (badness 10000) detected at line 4025
 []


Underfull \vbox (badness 10000) detected at line 4025
 []

[132] [133]
Underfull \vbox (badness 10000) detected at line 4233
 []


Underfull \vbox (badness 10000) detected at line 4233
 []

[134]
Underfull \vbox (badness 10000) detected at line 4233
 []


Underfull \vbox (badness 10000) detected at line 4233
 []

[135]
Underfull \vbox (badness 10000) detected at line 4233
 []


Underfull \vbox (badness 10000) detected at line 4233
 []

[136]
Underfull \vbox (badness 10000) detected at line 4233
 []


Underfull \vbox (badness 10000) detected at line 4233
 []

[137]
Underfull \vbox (badness 10000) detected at line 4233
 []


Underfull \vbox (badness 10000) detected at line 4233
 []

[138] [139] [140]
File: crimebythenumbers_files/figure-latex/unnamed-chunk-14-1.pdf Graphic file 
(type pdf)
<use crimebythenumbers_files/figure-latex/unnamed-chunk-14-1.pdf>
File: crimebythenumbers_files/figure-latex/unnamed-chunk-15-1.pdf Graphic file 
(type pdf)
<use crimebythenumbers_files/figure-latex/unnamed-chunk-15-1.pdf>

Underfull \vbox (badness 4967) has occurred while \output is active []

[141]
File: crimebythenumbers_files/figure-latex/unnamed-chunk-16-1.pdf Graphic file 
(type pdf)
<use crimebythenumbers_files/figure-latex/unnamed-chunk-16-1.pdf>

Underfull \vbox (badness 10000) has occurred while \output is active []

[142]
File: crimebythenumbers_files/figure-latex/unnamed-chunk-17-1.pdf Graphic file 
(type pdf)
<use crimebythenumbers_files/figure-latex/unnamed-chunk-17-1.pdf>
[143]
File: crimebythenumbers_files/figure-latex/unnamed-chunk-18-1.pdf Graphic file 
(type pdf)
<use crimebythenumbers_files/figure-latex/unnamed-chunk-18-1.pdf>

Underfull \vbox (badness 10000) has occurred while \output is active []

[144]
File: crimebythenumbers_files/figure-latex/unnamed-chunk-19-1.pdf Graphic file 
(type pdf)
<use crimebythenumbers_files/figure-latex/unnamed-chunk-19-1.pdf>
[145]
File: crimebythenumbers_files/figure-latex/unnamed-chunk-20-1.pdf Graphic file 
(type pdf)
<use crimebythenumbers_files/figure-latex/unnamed-chunk-20-1.pdf>
File: crimebythenumbers_files/figure-latex/unnamed-chunk-21-1.pdf Graphic file 
(type pdf)
<use crimebythenumbers_files/figure-latex/unnamed-chunk-21-1.pdf>

Underfull \vbox (badness 4341) has occurred while \output is active []

[146]
File: crimebythenumbers_files/figure-latex/unnamed-chunk-22-1.pdf Graphic file 
(type pdf)
<use crimebythenumbers_files/figure-latex/unnamed-chunk-22-1.pdf>

Underfull \vbox (badness 10000) has occurred while \output is active []

[147] [148]
File: crimebythenumbers_files/figure-latex/unnamed-chunk-28-1.pdf Graphic file 
(type pdf)
<use crimebythenumbers_files/figure-latex/unnamed-chunk-28-1.pdf>
[149]
File: crimebythenumbers_files/figure-latex/unnamed-chunk-29-1.pdf Graphic file 
(type pdf)
<use crimebythenumbers_files/figure-latex/unnamed-chunk-29-1.pdf>
[150]
File: crimebythenumbers_files/figure-latex/unnamed-chunk-30-1.pdf Graphic file 
(type pdf)
<use crimebythenumbers_files/figure-latex/unnamed-chunk-30-1.pdf>
[151]
File: crimebythenumbers_files/figure-latex/unnamed-chunk-33-1.pdf Graphic file 
(type pdf)
<use crimebythenumbers_files/figure-latex/unnamed-chunk-33-1.pdf>

Overfull \hbox (25.8498pt too wide) in paragraph at lines 4538--4539
[]\TU/lmr/m/n/12 As earlier, we can show percentage instead of count by adding 
\TU/lmtt/m/n/12 y = (..count..)/sum(..count..)
 []

File: crimebythenumbers_files/figure-latex/unnamed-chunk-34-1.pdf Graphic file 
(type pdf)
<use crimebythenumbers_files/figure-latex/unnamed-chunk-34-1.pdf>
[152]
File: crimebythenumbers_files/figure-latex/unnamed-chunk-35-1.pdf Graphic file 
(type pdf)
<use crimebythenumbers_files/figure-latex/unnamed-chunk-35-1.pdf>

Underfull \vbox (badness 6125) has occurred while \output is active []

[153] [154]
File: crimebythenumbers_files/figure-latex/unnamed-chunk-39-1.pdf Graphic file 
(type pdf)
<use crimebythenumbers_files/figure-latex/unnamed-chunk-39-1.pdf>
[155]
File: crimebythenumbers_files/figure-latex/unnamed-chunk-40-1.pdf Graphic file 
(type pdf)
<use crimebythenumbers_files/figure-latex/unnamed-chunk-40-1.pdf>
[156]
File: crimebythenumbers_files/figure-latex/unnamed-chunk-41-1.pdf Graphic file 
(type pdf)
<use crimebythenumbers_files/figure-latex/unnamed-chunk-41-1.pdf>

Underfull \vbox (badness 3514) has occurred while \output is active []

[157]
File: crimebythenumbers_files/figure-latex/unnamed-chunk-42-1.pdf Graphic file 
(type pdf)
<use crimebythenumbers_files/figure-latex/unnamed-chunk-42-1.pdf>
[158]
File: crimebythenumbers_files/figure-latex/unnamed-chunk-43-1.pdf Graphic file 
(type pdf)
<use crimebythenumbers_files/figure-latex/unnamed-chunk-43-1.pdf>
File: crimebythenumbers_files/figure-latex/unnamed-chunk-44-1.pdf Graphic file 
(type pdf)
<use crimebythenumbers_files/figure-latex/unnamed-chunk-44-1.pdf>

Underfull \vbox (badness 10000) has occurred while \output is active []

[159] [160]
Chapter 9.

Overfull \hbox (6.11996pt too wide) in paragraph at lines 4698--4699
\TU/lmr/m/n/12 2017. First, we need to read the data, which is called san_fran
cisco_suicide_2003_2017.csv.
 []

[161

] [162] [163]
File: images/bounding_box.PNG Graphic file (type bmp)
<images/bounding_box.PNG>
File: crimebythenumbers_files/figure-latex/unnamed-chunk-6-1.pdf Graphic file (
type pdf)
<use crimebythenumbers_files/figure-latex/unnamed-chunk-6-1.pdf>

Underfull \vbox (badness 5652) has occurred while \output is active []

[164]
File: crimebythenumbers_files/figure-latex/unnamed-chunk-7-1.pdf Graphic file (
type pdf)
<use crimebythenumbers_files/figure-latex/unnamed-chunk-7-1.pdf>
[165]
File: crimebythenumbers_files/figure-latex/unnamed-chunk-8-1.pdf Graphic file (
type pdf)
<use crimebythenumbers_files/figure-latex/unnamed-chunk-8-1.pdf>
File: crimebythenumbers_files/figure-latex/unnamed-chunk-9-1.pdf Graphic file (
type pdf)
<use crimebythenumbers_files/figure-latex/unnamed-chunk-9-1.pdf>
[166]
File: crimebythenumbers_files/figure-latex/unnamed-chunk-10-1.pdf Graphic file 
(type pdf)
<use crimebythenumbers_files/figure-latex/unnamed-chunk-10-1.pdf>

Underfull \vbox (badness 10000) has occurred while \output is active []

[167]
File: crimebythenumbers_files/figure-latex/unnamed-chunk-11-1.pdf Graphic file 
(type pdf)
<use crimebythenumbers_files/figure-latex/unnamed-chunk-11-1.pdf>

Underfull \vbox (badness 10000) has occurred while \output is active []

[168]
File: crimebythenumbers_files/figure-latex/unnamed-chunk-12-1.pdf Graphic file 
(type pdf)
<use crimebythenumbers_files/figure-latex/unnamed-chunk-12-1.pdf>

Underfull \vbox (badness 1024) has occurred while \output is active []

[169] [170]
File: crimebythenumbers_files/figure-latex/unnamed-chunk-13-1.pdf Graphic file 
(type pdf)
<use crimebythenumbers_files/figure-latex/unnamed-chunk-13-1.pdf>
[171]
File: crimebythenumbers_files/figure-latex/unnamed-chunk-14-1.pdf Graphic file 
(type pdf)
<use crimebythenumbers_files/figure-latex/unnamed-chunk-14-1.pdf>
File: crimebythenumbers_files/figure-latex/unnamed-chunk-15-1.pdf Graphic file 
(type pdf)
<use crimebythenumbers_files/figure-latex/unnamed-chunk-15-1.pdf>

Underfull \vbox (badness 10000) has occurred while \output is active []

[172] [173]
File: crimebythenumbers_files/figure-latex/unnamed-chunk-16-1.pdf Graphic file 
(type pdf)
<use crimebythenumbers_files/figure-latex/unnamed-chunk-16-1.pdf>
File: crimebythenumbers_files/figure-latex/unnamed-chunk-17-1.pdf Graphic file 
(type pdf)
<use crimebythenumbers_files/figure-latex/unnamed-chunk-17-1.pdf>
[174] [175]
Chapter 10.
[176

] [177]
File: crimebythenumbers_files/figure-latex/unnamed-chunk-7-1.pdf Graphic file (
type pdf)
<use crimebythenumbers_files/figure-latex/unnamed-chunk-7-1.pdf>

Underfull \vbox (badness 5217) has occurred while \output is active []

[178] [179] [180] [181]
Underfull \vbox (badness 10000) detected at line 5273
 []


Underfull \vbox (badness 10000) detected at line 5273
 []

[182] [183] [184]
File: crimebythenumbers_files/figure-latex/unnamed-chunk-14-1.pdf Graphic file 
(type pdf)
<use crimebythenumbers_files/figure-latex/unnamed-chunk-14-1.pdf>
[185] [186] [187] [188] [189]
File: crimebythenumbers_files/figure-latex/unnamed-chunk-29-1.pdf Graphic file 
(type pdf)
<use crimebythenumbers_files/figure-latex/unnamed-chunk-29-1.pdf>
[190]
File: crimebythenumbers_files/figure-latex/unnamed-chunk-30-1.pdf Graphic file 
(type pdf)
<use crimebythenumbers_files/figure-latex/unnamed-chunk-30-1.pdf>

Underfull \vbox (badness 10000) has occurred while \output is active []

[191]
File: crimebythenumbers_files/figure-latex/unnamed-chunk-31-1.pdf Graphic file 
(type pdf)
<use crimebythenumbers_files/figure-latex/unnamed-chunk-31-1.pdf>

Underfull \vbox (badness 10000) has occurred while \output is active []

[192]
File: crimebythenumbers_files/figure-latex/unnamed-chunk-32-1.pdf Graphic file 
(type pdf)
<use crimebythenumbers_files/figure-latex/unnamed-chunk-32-1.pdf>

Underfull \vbox (badness 10000) has occurred while \output is active []

[193] [194]
Chapter 11.
[195

] [196]
Underfull \vbox (badness 10000) detected at line 5775
 []


Underfull \vbox (badness 10000) detected at line 5775
 []

[197]
File: crimebythenumbers_files/figure-latex/unnamed-chunk-6-1.pdf Graphic file (
type pdf)
<use crimebythenumbers_files/figure-latex/unnamed-chunk-6-1.pdf>
[198]
File: crimebythenumbers_files/figure-latex/unnamed-chunk-7-1.pdf Graphic file (
type pdf)
<use crimebythenumbers_files/figure-latex/unnamed-chunk-7-1.pdf>

Underfull \vbox (badness 10000) has occurred while \output is active []

[199]
File: crimebythenumbers_files/figure-latex/unnamed-chunk-8-1.pdf Graphic file (
type pdf)
<use crimebythenumbers_files/figure-latex/unnamed-chunk-8-1.pdf>

Underfull \vbox (badness 10000) has occurred while \output is active []

[200]
File: crimebythenumbers_files/figure-latex/unnamed-chunk-9-1.pdf Graphic file (
type pdf)
<use crimebythenumbers_files/figure-latex/unnamed-chunk-9-1.pdf>

Underfull \vbox (badness 10000) has occurred while \output is active []

[201]
File: crimebythenumbers_files/figure-latex/unnamed-chunk-10-1.pdf Graphic file 
(type pdf)
<use crimebythenumbers_files/figure-latex/unnamed-chunk-10-1.pdf>
[202]
File: crimebythenumbers_files/figure-latex/unnamed-chunk-11-1.pdf Graphic file 
(type pdf)
<use crimebythenumbers_files/figure-latex/unnamed-chunk-11-1.pdf>

Underfull \vbox (badness 10000) has occurred while \output is active []

[203]
File: crimebythenumbers_files/figure-latex/unnamed-chunk-12-1.pdf Graphic file 
(type pdf)
<use crimebythenumbers_files/figure-latex/unnamed-chunk-12-1.pdf>

Overfull \hbox (29.77957pt too wide) in paragraph at lines 5914--5915
[]\TU/lmr/m/n/12 \begin{center}[] 
 []


Underfull \vbox (badness 10000) has occurred while \output is active []

[204]
File: crimebythenumbers_files/figure-latex/unnamed-chunk-13-1.pdf Graphic file 
(type pdf)
<use crimebythenumbers_files/figure-latex/unnamed-chunk-13-1.pdf>

Overfull \hbox (29.79489pt too wide) in paragraph at lines 5935--5936
[]\TU/lmr/m/n/12 \begin{center}[] 
 []


Underfull \vbox (badness 10000) has occurred while \output is active []

[205]
Overfull \hbox (10.433pt too wide) in paragraph at lines 5942--5943
[]\TU/lmr/m/n/12 If we add the code \TU/lmtt/m/n/12 clusterOptions = markerClus
terOptions() \TU/lmr/m/n/12 to our \TU/lmtt/m/n/12 addCircleMarkers()
 []

File: crimebythenumbers_files/figure-latex/unnamed-chunk-14-1.pdf Graphic file 
(type pdf)
<use crimebythenumbers_files/figure-latex/unnamed-chunk-14-1.pdf>
[206] [207]
File: crimebythenumbers_files/figure-latex/unnamed-chunk-16-1.pdf Graphic file 
(type pdf)
<use crimebythenumbers_files/figure-latex/unnamed-chunk-16-1.pdf>

Overfull \hbox (29.79489pt too wide) in paragraph at lines 5996--5997
[]\TU/lmr/m/n/12 \begin{center}[] 
 []

File: crimebythenumbers_files/figure-latex/unnamed-chunk-18-1.pdf Graphic file 
(type pdf)
<use crimebythenumbers_files/figure-latex/unnamed-chunk-18-1.pdf>

Overfull \hbox (29.79489pt too wide) in paragraph at lines 6022--6023
[]\TU/lmr/m/n/12 \begin{center}[] 
 []

[208]
File: crimebythenumbers_files/figure-latex/unnamed-chunk-19-1.pdf Graphic file 
(type pdf)
<use crimebythenumbers_files/figure-latex/unnamed-chunk-19-1.pdf>

Overfull \hbox (29.79489pt too wide) in paragraph at lines 6038--6039
[]\TU/lmr/m/n/12 \begin{center}[] 
 []


Underfull \vbox (badness 10000) has occurred while \output is active []

[209]
File: crimebythenumbers_files/figure-latex/unnamed-chunk-20-1.pdf Graphic file 
(type pdf)
<use crimebythenumbers_files/figure-latex/unnamed-chunk-20-1.pdf>

Overfull \hbox (29.79489pt too wide) in paragraph at lines 6059--6060
[]\TU/lmr/m/n/12 \begin{center}[] 
 []


Underfull \vbox (badness 10000) has occurred while \output is active []

[210]
Overfull \hbox (45.837pt too wide) in paragraph at lines 6063--6064
[]\TU/lmr/m/n/12 We will save the output of \TU/lmtt/m/n/12 colorNumeric("OrRd"
, sf_neighborhoods_suicide$number_suicides)
 []


Overfull \vbox (0.64995pt too high) detected at line 6080
 []

[211]
File: crimebythenumbers_files/figure-latex/unnamed-chunk-21-1.pdf Graphic file 
(type pdf)
<use crimebythenumbers_files/figure-latex/unnamed-chunk-21-1.pdf>

Overfull \hbox (29.79489pt too wide) in paragraph at lines 6082--6083
[]\TU/lmr/m/n/12 \begin{center}[] 
 []

File: crimebythenumbers_files/figure-latex/unnamed-chunk-22-1.pdf Graphic file 
(type pdf)
<use crimebythenumbers_files/figure-latex/unnamed-chunk-22-1.pdf>

Overfull \hbox (29.79489pt too wide) in paragraph at lines 6104--6105
[]\TU/lmr/m/n/12 \begin{center}[] 
 []


Underfull \vbox (badness 1072) has occurred while \output is active []

[212]
File: crimebythenumbers_files/figure-latex/unnamed-chunk-23-1.pdf Graphic file 
(type pdf)
<use crimebythenumbers_files/figure-latex/unnamed-chunk-23-1.pdf>

Overfull \hbox (29.79489pt too wide) in paragraph at lines 6129--6130
[]\TU/lmr/m/n/12 \begin{center}[] 
 []

[213]
File: crimebythenumbers_files/figure-latex/unnamed-chunk-24-1.pdf Graphic file 
(type pdf)
<use crimebythenumbers_files/figure-latex/unnamed-chunk-24-1.pdf>

Overfull \hbox (29.79489pt too wide) in paragraph at lines 6155--6156
[]\TU/lmr/m/n/12 \begin{center}[] 
 []


Underfull \vbox (badness 10000) has occurred while \output is active []

[214] [215]
Chapter 12.
File: images/markdown1.png Graphic file (type bmp)
<images/markdown1.png>

Underfull \vbox (badness 10000) has occurred while \output is active []

[216

]
File: images/markdown2.png Graphic file (type bmp)
<images/markdown2.png>

Underfull \vbox (badness 10000) has occurred while \output is active []

[217]
File: images/markdown6.png Graphic file (type bmp)
<images/markdown6.png>

Underfull \vbox (badness 10000) has occurred while \output is active []

[218]
File: images/markdown_output_example.PNG Graphic file (type bmp)
<images/markdown_output_example.PNG>

Underfull \vbox (badness 10000) has occurred while \output is active []

[219]
Underfull \vbox (badness 10000) has occurred while \output is active []

[220]
File: images/markdown3.PNG Graphic file (type bmp)
<images/markdown3.PNG>
File: images/chunk_example.PNG Graphic file (type bmp)
<images/chunk_example.PNG>
[221] [222]
File: images/inline_code.PNG Graphic file (type bmp)
<images/inline_code.PNG>

Underfull \vbox (badness 2269) has occurred while \output is active []

[223] [224]
File: images/citation_google_scholar.PNG Graphic file (type bmp)
<images/citation_google_scholar.PNG>
File: images/google_scholar_cite.PNG Graphic file (type bmp)
<images/google_scholar_cite.PNG>

Underfull \vbox (badness 10000) has occurred while \output is active []

[225]
File: images/google_scholar_bibtex.PNG Graphic file (type bmp)
<images/google_scholar_bibtex.PNG>
[226]
File: images/bibtex_example.PNG Graphic file (type bmp)
<images/bibtex_example.PNG>
File: images/rmarkdown_bib.PNG Graphic file (type bmp)
<images/rmarkdown_bib.PNG>
[227]

Package natbib Warning: Citation `wrongCitation' on page 228 undefined on input
 line 6316.

File: images/citation_raw.PNG Graphic file (type bmp)
<images/citation_raw.PNG>
[228]
File: images/markdown4.PNG Graphic file (type bmp)
<images/markdown4.PNG>
[229] [230

]
Chapter 13.
File: images/brownies_1.PNG Graphic file (type bmp)
<images/brownies_1.PNG>

Underfull \vbox (badness 6691) has occurred while \output is active []

[231

]
File: images/brownies_2.PNG Graphic file (type bmp)
<images/brownies_2.PNG>

Underfull \vbox (badness 10000) has occurred while \output is active []

[232] [233]
File: images/brownies_3.PNG Graphic file (type bmp)
<images/brownies_3.PNG>

Underfull \vbox (badness 10000) has occurred while \output is active []

[234]
File: images/brownies_4.PNG Graphic file (type bmp)
<images/brownies_4.PNG>
[235]
File: images/brownies_5.PNG Graphic file (type bmp)
<images/brownies_5.PNG>

Underfull \vbox (badness 10000) has occurred while \output is active []

[236] [237] [238] [239]
Chapter 14.
[240

] [241] [242] [243] [244] [245]
Chapter 15.
[246

] [247] [248] [249] [250] [251]
Chapter 16.
File: images/pdf_table_1.PNG Graphic file (type bmp)
<images/pdf_table_1.PNG>

Underfull \vbox (badness 1418) has occurred while \output is active []

[252

] [253]
File: images/pdf_table_2.PNG Graphic file (type bmp)
<images/pdf_table_2.PNG>
File: images/pdf_table_3.PNG Graphic file (type bmp)
<images/pdf_table_3.PNG>

Underfull \vbox (badness 10000) has occurred while \output is active []

[254]
File: images/pdf_table_4.PNG Graphic file (type bmp)
<images/pdf_table_4.PNG>

Underfull \vbox (badness 10000) has occurred while \output is active []

[255] [256] [257] [258] [259] [260] [261] [262] [263] [264] [265]
Chapter 17.
[266

]
File: images/tabulizer1.PNG Graphic file (type bmp)
<images/tabulizer1.PNG>

Underfull \vbox (badness 10000) has occurred while \output is active []

[267] [268]
Underfull \vbox (badness 10000) detected at line 7452
 []


Underfull \vbox (badness 10000) detected at line 7452
 []

[269] [270] [271] [272] [273] [274] [275] [276]
Underfull \vbox (badness 10000) detected at line 7783
 []


Underfull \vbox (badness 10000) detected at line 7783
 []

[277]
Underfull \vbox (badness 10000) detected at line 7783
 []


Underfull \vbox (badness 10000) detected at line 7783
 []

[278] [279]
File: images/pregnant.PNG Graphic file (type bmp)
<images/pregnant.PNG>

Underfull \vbox (badness 10000) has occurred while \output is active []

[280]
Underfull \vbox (badness 4403) has occurred while \output is active []

[281] [282]
Underfull \vbox (badness 10000) detected at line 7989
 []


Underfull \vbox (badness 10000) detected at line 7989
 []

[283]
Underfull \vbox (badness 10000) detected at line 7989
 []


Underfull \vbox (badness 10000) detected at line 7989
 []

[284]
Underfull \vbox (badness 10000) detected at line 7989
 []


Underfull \vbox (badness 10000) detected at line 7989
 []

[285] [286] [287] [288] [289]
Underfull \vbox (badness 10000) has occurred while \output is active []

[290]
File: images/openICPSR1.PNG Graphic file (type bmp)
<images/openICPSR1.PNG>

Underfull \vbox (badness 10000) has occurred while \output is active []

[291]
File: images/openICPSR2.PNG Graphic file (type bmp)
<images/openICPSR2.PNG>

Underfull \vbox (badness 10000) has occurred while \output is active []

[292]
File: images/openICPSR3.PNG Graphic file (type bmp)
<images/openICPSR3.PNG>

Underfull \vbox (badness 10000) has occurred while \output is active []

[293] [294]
Chapter 18.

Overfull \hbox (432.52501pt too wide) in paragraph at lines 8174--8175
[]\TU/lmtt/m/n/12 https://geocode.arcgis.com/arcgis/rest/services/World/Geocode
Server/findAddressCandidates?f=json&singleLine=ADDRESS&outFields=Match_addr,Add
r_type 
 []


Overfull \hbox (648.81297pt too wide) in paragraph at lines 8178--8179
[]\TU/lmtt/m/n/12 https://geocode.arcgis.com/arcgis/rest/services/World/Geocode
Server/findAddressCandidates?f=json&singleLine=75%209th%20Ave,%20New%20York,%20
NY%2010011&outFields=Match_addr,Addr_type 
 []

File: images/geocoding_1.PNG Graphic file (type bmp)
<images/geocoding_1.PNG>
[295

] [296] [297] [298] [299]
Overfull \hbox (432.52501pt too wide) in paragraph at lines 8325--8326
[]\TU/lmtt/m/n/12 https://geocode.arcgis.com/arcgis/rest/services/World/Geocode
Server/findAddressCandidates?f=json&singleLine=ADDRESS&outFields=Match_addr,Add
r_type 
 []

[300]
Overfull \hbox (76.33301pt too wide) in paragraph at lines 8376--8377
[]\TU/lmr/m/n/12 Lets read in the marijuana dispensary data which is called s
an_francisco_active_marijuana_retailers.csv
 []

[301] [302] [303] [304] [305] [306]
File: crimebythenumbers_files/figure-latex/unnamed-chunk-25-1.pdf Graphic file 
(type pdf)
<use crimebythenumbers_files/figure-latex/unnamed-chunk-25-1.pdf>
[307] [308

]
Chapter 19.
[309

] [310]
File: images/paper_table.png Graphic file (type bmp)
<images/paper_table.png>

Underfull \vbox (badness 10000) has occurred while \output is active []

[311]
File: images/paper_figure.png Graphic file (type bmp)
<images/paper_figure.png>

Underfull \vbox (badness 10000) has occurred while \output is active []

[312]
Underfull \vbox (badness 10000) has occurred while \output is active []

[313]
File: images/projects.PNG Graphic file (type bmp)
<images/projects.PNG>
[314]
File: images/new_project_1.PNG Graphic file (type bmp)
<images/new_project_1.PNG>
File: images/new_project_2.PNG Graphic file (type bmp)
<images/new_project_2.PNG>

Underfull \vbox (badness 10000) has occurred while \output is active []

[315]
File: images/new_project_3.PNG Graphic file (type bmp)
<images/new_project_3.PNG>
[316]
File: images/new_project_4.PNG Graphic file (type bmp)
<images/new_project_4.PNG>
File: images/new_project_6.PNG Graphic file (type bmp)
<images/new_project_6.PNG>

Underfull \vbox (badness 10000) has occurred while \output is active []

[317]
File: images/new_project_5.PNG Graphic file (type bmp)
<images/new_project_5.PNG>

Underfull \vbox (badness 10000) has occurred while \output is active []

[318]
File: images/new_project_7.PNG Graphic file (type bmp)
<images/new_project_7.PNG>

Underfull \vbox (badness 10000) has occurred while \output is active []

[319] [320]
File: images/new_project_8.PNG Graphic file (type bmp)
<images/new_project_8.PNG>
File: images/modular_scripts.PNG Graphic file (type bmp)
<images/modular_scripts.PNG>
[321]
Underfull \vbox (badness 1838) has occurred while \output is active []

[322]
File: images/section_label1.PNG Graphic file (type bmp)
<images/section_label1.PNG>

Underfull \vbox (badness 1852) has occurred while \output is active []

[323]
File: images/section_label2.PNG Graphic file (type bmp)
<images/section_label2.PNG>
[324] [325]
Chapter 20.
[326

] [327] [328] [329]
Underfull \vbox (badness 1565) has occurred while \output is active []

[330]
Underfull \vbox (badness 10000) has occurred while \output is active []

[331] [332]
Chapter 21.
[333

] [334] [335] [336] [337]
Chapter 22.

Underfull \hbox (badness 10000) in paragraph at lines 8893--8894
\TU/lmtt/m/n/12 example_data[example_data$crime_type == "murder", c("year", "cr
ime_count")]\TU/lmr/m/n/12 .
 []

[338

] [339] [340] [341]
File: images/test_summary.PNG Graphic file (type bmp)
<images/test_summary.PNG>

Underfull \vbox (badness 10000) has occurred while \output is active []

[342]
File: images/test_file_setup.PNG Graphic file (type bmp)
<images/test_file_setup.PNG>
[343]
File: images/usethis_test.PNG Graphic file (type bmp)
<images/usethis_test.PNG>
File: images/test_setup.PNG Graphic file (type bmp)
<images/test_setup.PNG>

Underfull \vbox (badness 10000) has occurred while \output is active []

[344] [345]
File: images/usethis_test_default_example.PNG Graphic file (type bmp)
<images/usethis_test_default_example.PNG>
[346]
File: images/usethis_test_default_example2.PNG Graphic file (type bmp)
<images/usethis_test_default_example2.PNG>
File: images/test_example.PNG Graphic file (type bmp)
<images/test_example.PNG>

Underfull \vbox (badness 10000) has occurred while \output is active []

[347] [348]
Underfull \vbox (badness 6204) has occurred while \output is active []

[349] [350] [351]
Chapter 23.
[352

]
File: images/dropbox.png Graphic file (type bmp)
<images/dropbox.png>
File: images/overleaf.png Graphic file (type bmp)
<images/overleaf.png>

Underfull \vbox (badness 10000) has occurred while \output is active []

[353]
Overfull \hbox (7.42497pt too wide) in alignment at lines 9064--9074
 [] [] [] 
 []


Overfull \hbox (7.42497pt too wide) in alignment at lines 9074--9111
 [] [] [] 
 []

[354] [355]
File: images/git_tools.PNG Graphic file (type bmp)
<images/git_tools.PNG>

Underfull \vbox (badness 10000) has occurred while \output is active []

[356] [357]
File: images/Github_new_repo.PNG Graphic file (type bmp)
<images/Github_new_repo.PNG>
File: images/Github_new_repo2.PNG Graphic file (type bmp)
<images/Github_new_repo2.PNG>

Underfull \vbox (badness 5548) has occurred while \output is active []

[358]
File: images/Github_new_repo3.PNG Graphic file (type bmp)
<images/Github_new_repo3.PNG>

Underfull \vbox (badness 10000) has occurred while \output is active []

[359]
File: images/Github_new_repo4.PNG Graphic file (type bmp)
<images/Github_new_repo4.PNG>
[360]
File: images/stars.PNG Graphic file (type bmp)
<images/stars.PNG>
[361]
File: images/git_existing_project.PNG Graphic file (type bmp)
<images/git_existing_project.PNG>

Underfull \vbox (badness 10000) has occurred while \output is active []

[362]
File: images/git_existing_project2.PNG Graphic file (type bmp)
<images/git_existing_project2.PNG>

Underfull \vbox (badness 10000) has occurred while \output is active []

[363]
File: images/git_existing_project3.PNG Graphic file (type bmp)
<images/git_existing_project3.PNG>

Underfull \vbox (badness 10000) has occurred while \output is active []

[364]
File: images/git_existing_project4.PNG Graphic file (type bmp)
<images/git_existing_project4.PNG>
File: images/Github_new_repo3.PNG Graphic file (type bmp)
<images/Github_new_repo3.PNG>

Underfull \vbox (badness 5548) has occurred while \output is active []

[365]
File: images/git_shell.PNG Graphic file (type bmp)
<images/git_shell.PNG>
File: images/git_shell3.PNG Graphic file (type bmp)
<images/git_shell3.PNG>

Underfull \vbox (badness 10000) has occurred while \output is active []

[366]
File: images/git_shell2.PNG Graphic file (type bmp)
<images/git_shell2.PNG>

Underfull \vbox (badness 4279) has occurred while \output is active []

[367]
File: images/git_shell_4.PNG Graphic file (type bmp)
<images/git_shell_4.PNG>
File: images/git_commit1.PNG Graphic file (type bmp)
<images/git_commit1.PNG>

Underfull \vbox (badness 10000) has occurred while \output is active []

[368] [369]
File: images/git_commit2.PNG Graphic file (type bmp)
<images/git_commit2.PNG>

Underfull \vbox (badness 1472) has occurred while \output is active []

[370]
File: images/git_commit3.PNG Graphic file (type bmp)
<images/git_commit3.PNG>
File: images/git_commit4.PNG Graphic file (type bmp)
<images/git_commit4.PNG>

Underfull \vbox (badness 10000) has occurred while \output is active []

[371] [372]
Appendix A.
[373


] (./crimebythenumbers.bbl [374])

Package natbib Warning: There were undefined citations.

[375

] (./crimebythenumbers.aux)
Package rerunfilecheck Info: File `crimebythenumbers.out' has not changed.
(rerunfilecheck)             Checksum: F4D43A815D82430CDA2972F34140AA1B;28099.
 ) 
Here is how much of TeX's memory you used:
 18348 strings out of 478442
 347965 string characters out of 5856757
 984908 words of memory out of 5000000
 38308 multiletter control sequences out of 15000+600000
 408050 words of font info for 84 fonts, out of 8000000 for 9000
 14 hyphenation exceptions out of 8191
 87i,8n,120p,6734b,442s stack positions out of 5000i,500n,10000p,200000b,80000s

Output written on crimebythenumbers.pdf (375 pages).
